2017-05-14 16:20:35 Error: [Cake\Database\Exception] SQLSTATE[42S02]: Base table or view not found: 1146 Table 'seriestv.contact' doesn't exist in /var/www/html/cakephp_seriestv/vendor/cakephp/cakephp/src/Database/Schema/Collection.php on line 131
Stack Trace:
#0 /var/www/html/cakephp_seriestv/vendor/cakephp/cakephp/src/Database/Schema/Collection.php(97): Cake\Database\Schema\Collection->_reflect('Column', 'contact', Array, Object(Cake\Database\Schema\TableSchema))
#1 /var/www/html/cakephp_seriestv/vendor/cakephp/cakephp/src/Database/Schema/CachedCollection.php(63): Cake\Database\Schema\Collection->describe('contact', Array)
#2 /var/www/html/cakephp_seriestv/vendor/cakephp/cakephp/src/ORM/Table.php(531): Cake\Database\Schema\CachedCollection->describe('contact')
#3 /var/www/html/cakephp_seriestv/vendor/cakephp/cakephp/src/ORM/Table.php(652): Cake\ORM\Table->getSchema()
#4 /var/www/html/cakephp_seriestv/vendor/cakephp/bake/src/Shell/Task/TemplateTask.php(291): Cake\ORM\Table->getPrimaryKey()
#5 /var/www/html/cakephp_seriestv/vendor/cakephp/bake/src/Shell/Task/TemplateTask.php(148): Bake\Shell\Task\TemplateTask->_loadController()
#6 /var/www/html/cakephp_seriestv/vendor/cakephp/cakephp/src/Console/Shell.php(472): Bake\Shell\Task\TemplateTask->main('contact')
#7 /var/www/html/cakephp_seriestv/vendor/cakephp/cakephp/src/Console/Shell.php(465): Cake\Console\Shell->runCommand(Array, false, Array)
#8 /var/www/html/cakephp_seriestv/vendor/cakephp/cakephp/src/Console/ShellDispatcher.php(230): Cake\Console\Shell->runCommand(Array, true, Array)
#9 /var/www/html/cakephp_seriestv/vendor/cakephp/cakephp/src/Console/ShellDispatcher.php(182): Cake\Console\ShellDispatcher->_dispatch(Array)
#10 /var/www/html/cakephp_seriestv/vendor/cakephp/cakephp/src/Console/ShellDispatcher.php(128): Cake\Console\ShellDispatcher->dispatch(Array)
#11 /var/www/html/cakephp_seriestv/bin/cake.php(34): Cake\Console\ShellDispatcher::run(Array)
#12 {main}


2017-05-18 12:46:08 Error: [Cake\Console\Exception\MissingShellException] Shell class for "Serve" could not be found. in /var/www/html/cakephp_seriestv/vendor/cakephp/cakephp/src/Console/ShellDispatcher.php on line 327
Exception Attributes: array (
  'class' => 'Serve',
)
Stack Trace:
#0 /var/www/html/cakephp_seriestv/vendor/cakephp/cakephp/src/Console/ShellDispatcher.php(226): Cake\Console\ShellDispatcher->findShell('Serve')
#1 /var/www/html/cakephp_seriestv/vendor/cakephp/cakephp/src/Console/ShellDispatcher.php(182): Cake\Console\ShellDispatcher->_dispatch(Array)
#2 /var/www/html/cakephp_seriestv/vendor/cakephp/cakephp/src/Console/ShellDispatcher.php(128): Cake\Console\ShellDispatcher->dispatch(Array)
#3 /var/www/html/cakephp_seriestv/bin/cake.php(34): Cake\Console\ShellDispatcher::run(Array)
#4 {main}


2017-05-18 20:44:33 Error: [Cake\Console\Exception\MissingShellException] Shell class for "Composer" could not be found. in /var/www/html/cakephp_seriestv/vendor/cakephp/cakephp/src/Console/ShellDispatcher.php on line 327
Exception Attributes: array (
  'class' => 'Composer',
)
Stack Trace:
#0 /var/www/html/cakephp_seriestv/vendor/cakephp/cakephp/src/Console/ShellDispatcher.php(226): Cake\Console\ShellDispatcher->findShell('Composer')
#1 /var/www/html/cakephp_seriestv/vendor/cakephp/cakephp/src/Console/ShellDispatcher.php(182): Cake\Console\ShellDispatcher->_dispatch(Array)
#2 /var/www/html/cakephp_seriestv/vendor/cakephp/cakephp/src/Console/ShellDispatcher.php(128): Cake\Console\ShellDispatcher->dispatch(Array)
#3 /var/www/html/cakephp_seriestv/bin/cake.php(34): Cake\Console\ShellDispatcher::run(Array)
#4 {main}


2017-05-21 16:17:43 Error: [Cake\Console\Exception\MissingShellException] Shell class for "Src/" could not be found. in /var/www/html/cakephp_seriestv/vendor/cakephp/cakephp/src/Console/ShellDispatcher.php on line 327
Exception Attributes: array (
  'class' => 'Src/',
)
Stack Trace:
#0 /var/www/html/cakephp_seriestv/vendor/cakephp/cakephp/src/Console/ShellDispatcher.php(226): Cake\Console\ShellDispatcher->findShell('Src/')
#1 /var/www/html/cakephp_seriestv/vendor/cakephp/cakephp/src/Console/ShellDispatcher.php(182): Cake\Console\ShellDispatcher->_dispatch(Array)
#2 /var/www/html/cakephp_seriestv/vendor/cakephp/cakephp/src/Console/ShellDispatcher.php(128): Cake\Console\ShellDispatcher->dispatch(Array)
#3 /var/www/html/cakephp_seriestv/bin/cake.php(34): Cake\Console\ShellDispatcher::run(Array)
#4 {main}


2017-05-21 16:17:46 Error: [Cake\Console\Exception\MissingShellException] Shell class for "S" could not be found. in /var/www/html/cakephp_seriestv/vendor/cakephp/cakephp/src/Console/ShellDispatcher.php on line 327
Exception Attributes: array (
  'class' => 'S',
)
Stack Trace:
#0 /var/www/html/cakephp_seriestv/vendor/cakephp/cakephp/src/Console/ShellDispatcher.php(226): Cake\Console\ShellDispatcher->findShell('S')
#1 /var/www/html/cakephp_seriestv/vendor/cakephp/cakephp/src/Console/ShellDispatcher.php(182): Cake\Console\ShellDispatcher->_dispatch(Array)
#2 /var/www/html/cakephp_seriestv/vendor/cakephp/cakephp/src/Console/ShellDispatcher.php(128): Cake\Console\ShellDispatcher->dispatch(Array)
#3 /var/www/html/cakephp_seriestv/bin/cake.php(34): Cake\Console\ShellDispatcher::run(Array)
#4 {main}


2017-05-21 16:17:49 Error: [Cake\Console\Exception\MissingShellException] Shell class for "Serv" could not be found. in /var/www/html/cakephp_seriestv/vendor/cakephp/cakephp/src/Console/ShellDispatcher.php on line 327
Exception Attributes: array (
  'class' => 'Serv',
)
Stack Trace:
#0 /var/www/html/cakephp_seriestv/vendor/cakephp/cakephp/src/Console/ShellDispatcher.php(226): Cake\Console\ShellDispatcher->findShell('Serv')
#1 /var/www/html/cakephp_seriestv/vendor/cakephp/cakephp/src/Console/ShellDispatcher.php(182): Cake\Console\ShellDispatcher->_dispatch(Array)
#2 /var/www/html/cakephp_seriestv/vendor/cakephp/cakephp/src/Console/ShellDispatcher.php(128): Cake\Console\ShellDispatcher->dispatch(Array)
#3 /var/www/html/cakephp_seriestv/bin/cake.php(34): Cake\Console\ShellDispatcher::run(Array)
#4 {main}


2017-05-22 20:45:05 Error: [Cake\Console\Exception\MissingShellException] Shell class for "Sever" could not be found. in /var/www/html/cakephp_seriestv/vendor/cakephp/cakephp/src/Console/ShellDispatcher.php on line 327
Exception Attributes: array (
  'class' => 'Sever',
)
Stack Trace:
#0 /var/www/html/cakephp_seriestv/vendor/cakephp/cakephp/src/Console/ShellDispatcher.php(226): Cake\Console\ShellDispatcher->findShell('Sever')
#1 /var/www/html/cakephp_seriestv/vendor/cakephp/cakephp/src/Console/ShellDispatcher.php(182): Cake\Console\ShellDispatcher->_dispatch(Array)
#2 /var/www/html/cakephp_seriestv/vendor/cakephp/cakephp/src/Console/ShellDispatcher.php(128): Cake\Console\ShellDispatcher->dispatch(Array)
#3 /var/www/html/cakephp_seriestv/bin/cake.php(34): Cake\Console\ShellDispatcher::run(Array)
#4 {main}


